2025-05-01T22:45:32.401-0300 [DEBUG] [org.gradle.launcher.daemon.bootstrap.DaemonMain] Assuming the daemon was started with following jvm opts: [--add-exports=jdk.compiler/com.sun.tools.javac.util=ALL-UNNAMED, --add-opens=java.base/java.util.concurrent.atomic=ALL-UNNAMED, --add-opens=java.base/java.util=ALL-UNNAMED, --add-opens=java.base/java.lang=ALL-UNNAMED, --add-opens=java.base/java.lang.invoke=ALL-UNNAMED, --add-opens=java.prefs/java.util.prefs=ALL-UNNAMED, --add-exports=jdk.compiler/com.sun.tools.javac.api=ALL-UNNAMED, --add-exports=jdk.compiler/com.sun.tools.javac.util=ALL-UNNAMED, --add-opens=java.base/java.nio.charset=ALL-UNNAMED, --add-opens=java.base/java.net=ALL-UNNAMED, --add-opens=java.base/java.util.concurrent.atomic=ALL-UNNAMED, -Xmx2048m, -Dfile.encoding=UTF-8, -Duser.country=AR, -Duser.language=es, -Duser.variant]
2025-05-01T22:45:32.615-0300 [DEBUG] [org.gradle.internal.nativeintegration.services.NativeServices] Native-platform posix files integration is not available. Continuing with fallback.
2025-05-01T22:45:32.647-0300 [INFO] [org.gradle.launcher.daemon.server.Daemon] start() called on daemon - DefaultDaemonContext[uid=4cb5a738-7359-4a8f-8b6e-854cc00d5fc7,javaHome=C:\Program Files\Java\jdk-20,javaVersion=20,daemonRegistryDir=C:\SeminarioIntegrador-FastAccessApp\daemon,pid=14904,idleTimeout=10800000,priority=NORMAL,applyInstrumentationAgent=true,nativeServicesMode=ENABLED,daemonOpts=--add-exports=jdk.compiler/com.sun.tools.javac.util=ALL-UNNAMED,--add-opens=java.base/java.util.concurrent.atomic=ALL-UNNAMED,--add-opens=java.base/java.util=ALL-UNNAMED,--add-opens=java.base/java.lang=ALL-UNNAMED,--add-opens=java.base/java.lang.invoke=ALL-UNNAMED,--add-opens=java.prefs/java.util.prefs=ALL-UNNAMED,--add-exports=jdk.compiler/com.sun.tools.javac.api=ALL-UNNAMED,--add-exports=jdk.compiler/com.sun.tools.javac.util=ALL-UNNAMED,--add-opens=java.base/java.nio.charset=ALL-UNNAMED,--add-opens=java.base/java.net=ALL-UNNAMED,--add-opens=java.base/java.util.concurrent.atomic=ALL-UNNAMED,-Xmx2048m,-Dfile.encoding=UTF-8,-Duser.country=AR,-Duser.language=es,-Duser.variant]
2025-05-01T22:45:32.750-0300 [DEBUG] [org.gradle.internal.remote.internal.inet.InetAddresses] Adding IP addresses for network interface Software Loopback Interface 1
2025-05-01T22:45:32.753-0300 [DEBUG] [org.gradle.internal.remote.internal.inet.InetAddresses] Is this a loopback interface? true
2025-05-01T22:45:32.754-0300 [DEBUG] [org.gradle.internal.remote.internal.inet.InetAddresses] Adding loopback address /127.0.0.1
2025-05-01T22:45:32.754-0300 [DEBUG] [org.gradle.internal.remote.internal.inet.InetAddresses] Adding loopback address /0:0:0:0:0:0:0:1
2025-05-01T22:45:32.754-0300 [DEBUG] [org.gradle.internal.remote.internal.inet.InetAddresses] Adding IP addresses for network interface Microsoft 6to4 Adapter
2025-05-01T22:45:32.757-0300 [DEBUG] [org.gradle.internal.remote.internal.inet.InetAddresses] Is this a loopback interface? false
2025-05-01T22:45:32.757-0300 [DEBUG] [org.gradle.internal.remote.internal.inet.InetAddresses] Adding IP addresses for network interface PANGP Virtual Ethernet Adapter Secure
2025-05-01T22:45:32.760-0300 [DEBUG] [org.gradle.internal.remote.internal.inet.InetAddresses] Is this a loopback interface? false
2025-05-01T22:45:32.760-0300 [DEBUG] [org.gradle.internal.remote.internal.inet.InetAddresses] Adding IP addresses for network interface WAN Miniport (IPv6)
2025-05-01T22:45:32.763-0300 [DEBUG] [org.gradle.internal.remote.internal.inet.InetAddresses] Is this a loopback interface? false
2025-05-01T22:45:32.763-0300 [DEBUG] [org.gradle.internal.remote.internal.inet.InetAddresses] Adding IP addresses for network interface Microsoft IP-HTTPS Platform Adapter
2025-05-01T22:45:32.766-0300 [DEBUG] [org.gradle.internal.remote.internal.inet.InetAddresses] Is this a loopback interface? false
2025-05-01T22:45:32.767-0300 [DEBUG] [org.gradle.internal.remote.internal.inet.InetAddresses] Adding IP addresses for network interface Intel(R) Wireless-AC 9462
2025-05-01T22:45:32.770-0300 [DEBUG] [org.gradle.internal.remote.internal.inet.InetAddresses] Is this a loopback interface? false
2025-05-01T22:45:32.770-0300 [DEBUG] [org.gradle.internal.remote.internal.inet.InetAddresses] Adding remote address /192.168.0.22
2025-05-01T22:45:32.771-0300 [DEBUG] [org.gradle.internal.remote.internal.inet.InetAddresses] Adding remote address /fe80:0:0:0:a7ab:f209:43a1:1fdf%wlan0
2025-05-01T22:45:32.771-0300 [DEBUG] [org.gradle.internal.remote.internal.inet.InetAddresses] Adding IP addresses for network interface WAN Miniport (PPTP)
2025-05-01T22:45:32.774-0300 [DEBUG] [org.gradle.internal.remote.internal.inet.InetAddresses] Is this a loopback interface? false
2025-05-01T22:45:32.774-0300 [DEBUG] [org.gradle.internal.remote.internal.inet.InetAddresses] Adding IP addresses for network interface Microsoft Wi-Fi Direct Virtual Adapter #4
2025-05-01T22:45:32.777-0300 [DEBUG] [org.gradle.internal.remote.internal.inet.InetAddresses] Is this a loopback interface? false
2025-05-01T22:45:32.777-0300 [DEBUG] [org.gradle.internal.remote.internal.inet.InetAddresses] Adding remote address /fe80:0:0:0:9549:3004:dab4:76f6%wlan1
2025-05-01T22:45:32.777-0300 [DEBUG] [org.gradle.internal.remote.internal.inet.InetAddresses] Adding IP addresses for network interface Realtek PCIe GbE Family Controller
2025-05-01T22:45:32.780-0300 [DEBUG] [org.gradle.internal.remote.internal.inet.InetAddresses] Is this a loopback interface? false
2025-05-01T22:45:32.780-0300 [DEBUG] [org.gradle.internal.remote.internal.inet.InetAddresses] Adding remote address /fe80:0:0:0:dd4c:6e2c:3496:d07e%eth2
2025-05-01T22:45:32.781-0300 [DEBUG] [org.gradle.internal.remote.internal.inet.InetAddresses] Adding IP addresses for network interface WAN Miniport (Network Monitor)
2025-05-01T22:45:32.783-0300 [DEBUG] [org.gradle.internal.remote.internal.inet.InetAddresses] Is this a loopback interface? false
2025-05-01T22:45:32.784-0300 [DEBUG] [org.gradle.internal.remote.internal.inet.InetAddresses] Adding IP addresses for network interface Intel(R) Wireless-AC 9462-WFP Native MAC Layer LightWeight Filter-0000
2025-05-01T22:45:32.786-0300 [DEBUG] [org.gradle.internal.remote.internal.inet.InetAddresses] Is this a loopback interface? false
2025-05-01T22:45:32.787-0300 [DEBUG] [org.gradle.internal.remote.internal.inet.InetAddresses] Adding IP addresses for network interface WAN Miniport (IP)
2025-05-01T22:45:32.789-0300 [DEBUG] [org.gradle.internal.remote.internal.inet.InetAddresses] Is this a loopback interface? false
2025-05-01T22:45:32.790-0300 [DEBUG] [org.gradle.internal.remote.internal.inet.InetAddresses] Adding IP addresses for network interface WAN Miniport (L2TP)
2025-05-01T22:45:32.792-0300 [DEBUG] [org.gradle.internal.remote.internal.inet.InetAddresses] Is this a loopback interface? false
2025-05-01T22:45:32.792-0300 [DEBUG] [org.gradle.internal.remote.internal.inet.InetAddresses] Adding IP addresses for network interface WAN Miniport (IKEv2)
2025-05-01T22:45:32.795-0300 [DEBUG] [org.gradle.internal.remote.internal.inet.InetAddresses] Is this a loopback interface? false
2025-05-01T22:45:32.795-0300 [DEBUG] [org.gradle.internal.remote.internal.inet.InetAddresses] Adding IP addresses for network interface Microsoft Teredo Tunneling Adapter
2025-05-01T22:45:32.798-0300 [DEBUG] [org.gradle.internal.remote.internal.inet.InetAddresses] Is this a loopback interface? false
2025-05-01T22:45:32.799-0300 [DEBUG] [org.gradle.internal.remote.internal.inet.InetAddresses] Adding IP addresses for network interface WAN Miniport (SSTP)
2025-05-01T22:45:32.801-0300 [DEBUG] [org.gradle.internal.remote.internal.inet.InetAddresses] Is this a loopback interface? false
2025-05-01T22:45:32.802-0300 [DEBUG] [org.gradle.internal.remote.internal.inet.InetAddresses] Adding IP addresses for network interface WAN Miniport (PPPOE)
2025-05-01T22:45:32.804-0300 [DEBUG] [org.gradle.internal.remote.internal.inet.InetAddresses] Is this a loopback interface? false
2025-05-01T22:45:32.804-0300 [DEBUG] [org.gradle.internal.remote.internal.inet.InetAddresses] Adding IP addresses for network interface Microsoft Wi-Fi Direct Virtual Adapter #2
2025-05-01T22:45:32.807-0300 [DEBUG] [org.gradle.internal.remote.internal.inet.InetAddresses] Is this a loopback interface? false
2025-05-01T22:45:32.807-0300 [DEBUG] [org.gradle.internal.remote.internal.inet.InetAddresses] Adding IP addresses for network interface Microsoft Kernel Debug Network Adapter
2025-05-01T22:45:32.810-0300 [DEBUG] [org.gradle.internal.remote.internal.inet.InetAddresses] Is this a loopback interface? false
2025-05-01T22:45:32.810-0300 [DEBUG] [org.gradle.internal.remote.internal.inet.InetAddresses] Adding IP addresses for network interface Microsoft Wi-Fi Direct Virtual Adapter
2025-05-01T22:45:32.813-0300 [DEBUG] [org.gradle.internal.remote.internal.inet.InetAddresses] Is this a loopback interface? false
2025-05-01T22:45:32.813-0300 [DEBUG] [org.gradle.internal.remote.internal.inet.InetAddresses] Adding IP addresses for network interface Microsoft Wi-Fi Direct Virtual Adapter #3
2025-05-01T22:45:32.816-0300 [DEBUG] [org.gradle.internal.remote.internal.inet.InetAddresses] Is this a loopback interface? false
2025-05-01T22:45:32.816-0300 [DEBUG] [org.gradle.internal.remote.internal.inet.InetAddresses] Adding remote address /fe80:0:0:0:b75b:cae4:3ac8:e095%wlan5
2025-05-01T22:45:32.816-0300 [DEBUG] [org.gradle.internal.remote.internal.inet.InetAddresses] Adding IP addresses for network interface Microsoft Wi-Fi Direct Virtual Adapter #4-WFP Native MAC Layer LightWeight Filter-0000
2025-05-01T22:45:32.819-0300 [DEBUG] [org.gradle.internal.remote.internal.inet.InetAddresses] Is this a loopback interface? false
2025-05-01T22:45:32.819-0300 [DEBUG] [org.gradle.internal.remote.internal.inet.InetAddresses] Adding IP addresses for network interface Microsoft Wi-Fi Direct Virtual Adapter #4-Native WiFi Filter Driver-0000
2025-05-01T22:45:32.822-0300 [DEBUG] [org.gradle.internal.remote.internal.inet.InetAddresses] Is this a loopback interface? false
2025-05-01T22:45:32.822-0300 [DEBUG] [org.gradle.internal.remote.internal.inet.InetAddresses] Adding IP addresses for network interface Microsoft Wi-Fi Direct Virtual Adapter #4-QoS Packet Scheduler-0000
2025-05-01T22:45:32.825-0300 [DEBUG] [org.gradle.internal.remote.internal.inet.InetAddresses] Is this a loopback interface? false
2025-05-01T22:45:32.825-0300 [DEBUG] [org.gradle.internal.remote.internal.inet.InetAddresses] Adding IP addresses for network interface Microsoft Wi-Fi Direct Virtual Adapter #4-WFP 802.3 MAC Layer LightWeight Filter-0000
2025-05-01T22:45:32.828-0300 [DEBUG] [org.gradle.internal.remote.internal.inet.InetAddresses] Is this a loopback interface? false
2025-05-01T22:45:32.829-0300 [DEBUG] [org.gradle.internal.remote.internal.inet.InetAddresses] Adding IP addresses for network interface Intel(R) Wireless-AC 9462-Virtual WiFi Filter Driver-0000
2025-05-01T22:45:32.832-0300 [DEBUG] [org.gradle.internal.remote.internal.inet.InetAddresses] Is this a loopback interface? false
2025-05-01T22:45:32.832-0300 [DEBUG] [org.gradle.internal.remote.internal.inet.InetAddresses] Adding IP addresses for network interface Realtek PCIe GbE Family Controller-WFP Native MAC Layer LightWeight Filter-0000
2025-05-01T22:45:32.835-0300 [DEBUG] [org.gradle.internal.remote.internal.inet.InetAddresses] Is this a loopback interface? false
2025-05-01T22:45:32.836-0300 [DEBUG] [org.gradle.internal.remote.internal.inet.InetAddresses] Adding IP addresses for network interface Realtek PCIe GbE Family Controller-QoS Packet Scheduler-0000
2025-05-01T22:45:32.839-0300 [DEBUG] [org.gradle.internal.remote.internal.inet.InetAddresses] Is this a loopback interface? false
2025-05-01T22:45:32.839-0300 [DEBUG] [org.gradle.internal.remote.internal.inet.InetAddresses] Adding IP addresses for network interface Realtek PCIe GbE Family Controller-WFP 802.3 MAC Layer LightWeight Filter-0000
2025-05-01T22:45:32.842-0300 [DEBUG] [org.gradle.internal.remote.internal.inet.InetAddresses] Is this a loopback interface? false
2025-05-01T22:45:32.843-0300 [DEBUG] [org.gradle.internal.remote.internal.inet.InetAddresses] Adding IP addresses for network interface Intel(R) Wireless-AC 9462-Native WiFi Filter Driver-0000
2025-05-01T22:45:32.846-0300 [DEBUG] [org.gradle.internal.remote.internal.inet.InetAddresses] Is this a loopback interface? false
2025-05-01T22:45:32.846-0300 [DEBUG] [org.gradle.internal.remote.internal.inet.InetAddresses] Adding IP addresses for network interface Intel(R) Wireless-AC 9462-QoS Packet Scheduler-0000
2025-05-01T22:45:32.849-0300 [DEBUG] [org.gradle.internal.remote.internal.inet.InetAddresses] Is this a loopback interface? false
2025-05-01T22:45:32.849-0300 [DEBUG] [org.gradle.internal.remote.internal.inet.InetAddresses] Adding IP addresses for network interface Intel(R) Wireless-AC 9462-WFP 802.3 MAC Layer LightWeight Filter-0000
2025-05-01T22:45:32.852-0300 [DEBUG] [org.gradle.internal.remote.internal.inet.InetAddresses] Is this a loopback interface? false
2025-05-01T22:45:32.852-0300 [DEBUG] [org.gradle.internal.remote.internal.inet.InetAddresses] Adding IP addresses for network interface Microsoft Wi-Fi Direct Virtual Adapter #3-WFP Native MAC Layer LightWeight Filter-0000
2025-05-01T22:45:32.855-0300 [DEBUG] [org.gradle.internal.remote.internal.inet.InetAddresses] Is this a loopback interface? false
2025-05-01T22:45:32.855-0300 [DEBUG] [org.gradle.internal.remote.internal.inet.InetAddresses] Adding IP addresses for network interface Microsoft Wi-Fi Direct Virtual Adapter #3-Native WiFi Filter Driver-0000
2025-05-01T22:45:32.859-0300 [DEBUG] [org.gradle.internal.remote.internal.inet.InetAddresses] Is this a loopback interface? false
2025-05-01T22:45:32.860-0300 [DEBUG] [org.gradle.internal.remote.internal.inet.InetAddresses] Adding IP addresses for network interface WAN Miniport (IP)-WFP Native MAC Layer LightWeight Filter-0000
2025-05-01T22:45:32.864-0300 [DEBUG] [org.gradle.internal.remote.internal.inet.InetAddresses] Is this a loopback interface? false
2025-05-01T22:45:32.864-0300 [DEBUG] [org.gradle.internal.remote.internal.inet.InetAddresses] Adding IP addresses for network interface WAN Miniport (IP)-QoS Packet Scheduler-0000
2025-05-01T22:45:32.868-0300 [DEBUG] [org.gradle.internal.remote.internal.inet.InetAddresses] Is this a loopback interface? false
2025-05-01T22:45:32.869-0300 [DEBUG] [org.gradle.internal.remote.internal.inet.InetAddresses] Adding IP addresses for network interface WAN Miniport (IPv6)-WFP Native MAC Layer LightWeight Filter-0000
2025-05-01T22:45:32.872-0300 [DEBUG] [org.gradle.internal.remote.internal.inet.InetAddresses] Is this a loopback interface? false
2025-05-01T22:45:32.872-0300 [DEBUG] [org.gradle.internal.remote.internal.inet.InetAddresses] Adding IP addresses for network interface WAN Miniport (IPv6)-QoS Packet Scheduler-0000
2025-05-01T22:45:32.875-0300 [DEBUG] [org.gradle.internal.remote.internal.inet.InetAddresses] Is this a loopback interface? false
2025-05-01T22:45:32.876-0300 [DEBUG] [org.gradle.internal.remote.internal.inet.InetAddresses] Adding IP addresses for network interface WAN Miniport (Network Monitor)-WFP Native MAC Layer LightWeight Filter-0000
2025-05-01T22:45:32.879-0300 [DEBUG] [org.gradle.internal.remote.internal.inet.InetAddresses] Is this a loopback interface? false
2025-05-01T22:45:32.879-0300 [DEBUG] [org.gradle.internal.remote.internal.inet.InetAddresses] Adding IP addresses for network interface WAN Miniport (Network Monitor)-QoS Packet Scheduler-0000
2025-05-01T22:45:32.882-0300 [DEBUG] [org.gradle.internal.remote.internal.inet.InetAddresses] Is this a loopback interface? false
2025-05-01T22:45:32.882-0300 [DEBUG] [org.gradle.internal.remote.internal.inet.InetAddresses] Adding IP addresses for network interface Microsoft Wi-Fi Direct Virtual Adapter #3-QoS Packet Scheduler-0000
2025-05-01T22:45:32.885-0300 [DEBUG] [org.gradle.internal.remote.internal.inet.InetAddresses] Is this a loopback interface? false
2025-05-01T22:45:32.885-0300 [DEBUG] [org.gradle.internal.remote.internal.inet.InetAddresses] Adding IP addresses for network interface Microsoft Wi-Fi Direct Virtual Adapter #3-WFP 802.3 MAC Layer LightWeight Filter-0000
2025-05-01T22:45:32.889-0300 [DEBUG] [org.gradle.internal.remote.internal.inet.InetAddresses] Is this a loopback interface? false
2025-05-01T22:45:32.889-0300 [DEBUG] [org.gradle.internal.remote.internal.inet.InetAddresses] Adding IP addresses for network interface Hyper-V Virtual Switch Extension Adapter
2025-05-01T22:45:32.892-0300 [DEBUG] [org.gradle.internal.remote.internal.inet.InetAddresses] Is this a loopback interface? false
2025-05-01T22:45:32.892-0300 [DEBUG] [org.gradle.internal.remote.internal.inet.InetAddresses] Adding IP addresses for network interface Hyper-V Virtual Switch Extension Adapter-Hyper-V Virtual Switch Extension Filter-0000
2025-05-01T22:45:32.895-0300 [DEBUG] [org.gradle.internal.remote.internal.inet.InetAddresses] Is this a loopback interface? false
2025-05-01T22:45:32.895-0300 [DEBUG] [org.gradle.internal.remote.internal.inet.InetAddresses] Adding IP addresses for network interface Hyper-V Virtual Ethernet Adapter
2025-05-01T22:45:32.898-0300 [DEBUG] [org.gradle.internal.remote.internal.inet.InetAddresses] Is this a loopback interface? false
2025-05-01T22:45:32.899-0300 [DEBUG] [org.gradle.internal.remote.internal.inet.InetAddresses] Adding remote address /172.19.128.1
2025-05-01T22:45:32.899-0300 [DEBUG] [org.gradle.internal.remote.internal.inet.InetAddresses] Adding remote address /fe80:0:0:0:316f:db18:3386:71bf%eth17
2025-05-01T22:45:32.899-0300 [DEBUG] [org.gradle.internal.remote.internal.inet.InetAddresses] Adding IP addresses for network interface Hyper-V Virtual Ethernet Adapter-WFP Native MAC Layer LightWeight Filter-0000
2025-05-01T22:45:32.902-0300 [DEBUG] [org.gradle.internal.remote.internal.inet.InetAddresses] Is this a loopback interface? false
2025-05-01T22:45:32.903-0300 [DEBUG] [org.gradle.internal.remote.internal.inet.InetAddresses] Adding IP addresses for network interface Hyper-V Virtual Ethernet Adapter-QoS Packet Scheduler-0000
2025-05-01T22:45:32.906-0300 [DEBUG] [org.gradle.internal.remote.internal.inet.InetAddresses] Is this a loopback interface? false
2025-05-01T22:45:32.906-0300 [DEBUG] [org.gradle.internal.remote.internal.inet.InetAddresses] Adding IP addresses for network interface Hyper-V Virtual Ethernet Adapter-WFP 802.3 MAC Layer LightWeight Filter-0000
2025-05-01T22:45:32.909-0300 [DEBUG] [org.gradle.internal.remote.internal.inet.InetAddresses] Is this a loopback interface? false
2025-05-01T22:45:32.917-0300 [DEBUG] [org.gradle.internal.remote.internal.inet.TcpIncomingConnector] Listening on [33fcc9e6-c280-4907-93fc-b61653ee5c07 port:53858, addresses:[localhost/127.0.0.1]].
2025-05-01T22:45:32.946-0300 [DEBUG] [org.gradle.launcher.daemon.server.Daemon] Daemon starting at: Thu May 01 22:45:32 ART 2025, with address: [33fcc9e6-c280-4907-93fc-b61653ee5c07 port:53858, addresses:[localhost/127.0.0.1]]
2025-05-01T22:45:32.947-0300 [INFO] [org.gradle.launcher.daemon.server.DaemonRegistryUpdater] Advertising the daemon address to the clients: [33fcc9e6-c280-4907-93fc-b61653ee5c07 port:53858, addresses:[localhost/127.0.0.1]]
2025-05-01T22:45:32.947-0300 [DEBUG] [org.gradle.launcher.daemon.server.DaemonRegistryUpdater] Advertised daemon context: DefaultDaemonContext[uid=4cb5a738-7359-4a8f-8b6e-854cc00d5fc7,javaHome=C:\Program Files\Java\jdk-20,javaVersion=20,daemonRegistryDir=C:\SeminarioIntegrador-FastAccessApp\daemon,pid=14904,idleTimeout=10800000,priority=NORMAL,applyInstrumentationAgent=true,nativeServicesMode=ENABLED,daemonOpts=--add-exports=jdk.compiler/com.sun.tools.javac.util=ALL-UNNAMED,--add-opens=java.base/java.util.concurrent.atomic=ALL-UNNAMED,--add-opens=java.base/java.util=ALL-UNNAMED,--add-opens=java.base/java.lang=ALL-UNNAMED,--add-opens=java.base/java.lang.invoke=ALL-UNNAMED,--add-opens=java.prefs/java.util.prefs=ALL-UNNAMED,--add-exports=jdk.compiler/com.sun.tools.javac.api=ALL-UNNAMED,--add-exports=jdk.compiler/com.sun.tools.javac.util=ALL-UNNAMED,--add-opens=java.base/java.nio.charset=ALL-UNNAMED,--add-opens=java.base/java.net=ALL-UNNAMED,--add-opens=java.base/java.util.concurrent.atomic=ALL-UNNAMED,-Xmx2048m,-Dfile.encoding=UTF-8,-Duser.country=AR,-Duser.language=es,-Duser.variant]
2025-05-01T22:45:32.948-0300 [DEBUG] [org.gradle.launcher.daemon.registry.PersistentDaemonRegistry] Storing daemon address: [33fcc9e6-c280-4907-93fc-b61653ee5c07 port:53858, addresses:[localhost/127.0.0.1]], context: DefaultDaemonContext[uid=4cb5a738-7359-4a8f-8b6e-854cc00d5fc7,javaHome=C:\Program Files\Java\jdk-20,javaVersion=20,daemonRegistryDir=C:\SeminarioIntegrador-FastAccessApp\daemon,pid=14904,idleTimeout=10800000,priority=NORMAL,applyInstrumentationAgent=true,nativeServicesMode=ENABLED,daemonOpts=--add-exports=jdk.compiler/com.sun.tools.javac.util=ALL-UNNAMED,--add-opens=java.base/java.util.concurrent.atomic=ALL-UNNAMED,--add-opens=java.base/java.util=ALL-UNNAMED,--add-opens=java.base/java.lang=ALL-UNNAMED,--add-opens=java.base/java.lang.invoke=ALL-UNNAMED,--add-opens=java.prefs/java.util.prefs=ALL-UNNAMED,--add-exports=jdk.compiler/com.sun.tools.javac.api=ALL-UNNAMED,--add-exports=jdk.compiler/com.sun.tools.javac.util=ALL-UNNAMED,--add-opens=java.base/java.nio.charset=ALL-UNNAMED,--add-opens=java.base/java.net=ALL-UNNAMED,--add-opens=java.base/java.util.concurrent.atomic=ALL-UNNAMED,-Xmx2048m,-Dfile.encoding=UTF-8,-Duser.country=AR,-Duser.language=es,-Duser.variant]
2025-05-01T22:45:32.979-0300 [DEBUG] [org.gradle.cache.internal.DefaultFileLockManager] Waiting to acquire exclusive lock on daemon addresses registry.
2025-05-01T22:45:32.986-0300 [DEBUG] [org.gradle.cache.internal.DefaultFileLockManager] Lock acquired on daemon addresses registry.
2025-05-01T22:45:32.993-0300 [DEBUG] [org.gradle.cache.internal.DefaultFileLockManager] Releasing lock on daemon addresses registry.
2025-05-01T22:45:32.994-0300 [LIFECYCLE] [org.gradle.launcher.daemon.server.Daemon] Daemon server started.
2025-05-01T22:45:32.995-0300 [DEBUG] [org.gradle.launcher.daemon.bootstrap.DaemonStartupCommunication] Completed writing the daemon greeting. Closing streams...
2025-05-01T22:45:33.006-0300 [DEBUG] [org.gradle.launcher.daemon.server.Daemon] stopOnExpiration() called on daemon
2025-05-01T22:45:33.007-0300 [DEBUG] [org.gradle.launcher.daemon.server.Daemon] awaitExpiration() called on daemon
2025-05-01T22:45:33.007-0300 [DEBUG] [org.gradle.internal.remote.internal.inet.TcpIncomingConnector] Accepted connection from /127.0.0.1:53859 to /127.0.0.1:53858.
2025-05-01T22:45:33.007-0300 [DEBUG] [org.gradle.launcher.daemon.server.DaemonStateCoordinator] daemon is running. Sleeping until state changes.
2025-05-01T22:45:33.121-0300 [DEBUG] [org.gradle.launcher.daemon.server.SynchronizedDispatchConnection] thread 35: received class org.gradle.launcher.daemon.protocol.Build
2025-05-01T22:45:33.121-0300 [DEBUG] [org.gradle.launcher.daemon.server.DefaultDaemonConnection] thread 35: Received non-IO message from client: Build{id=6bf7bba5-7a0b-4eae-8c60-fd76e75bdcfb, currentDir=C:\SeminarioIntegrador-FastAccessApp}
2025-05-01T22:45:33.122-0300 [INFO] [org.gradle.launcher.daemon.server.DefaultIncomingConnectionHandler] Received command: Build{id=6bf7bba5-7a0b-4eae-8c60-fd76e75bdcfb, currentDir=C:\SeminarioIntegrador-FastAccessApp}.
2025-05-01T22:45:33.122-0300 [DEBUG] [org.gradle.launcher.daemon.server.DefaultIncomingConnectionHandler] Starting executing command: Build{id=6bf7bba5-7a0b-4eae-8c60-fd76e75bdcfb, currentDir=C:\SeminarioIntegrador-FastAccessApp} with connection: socket connection from /127.0.0.1:53858 to /127.0.0.1:53859.
2025-05-01T22:45:33.125-0300 [DEBUG] [org.gradle.launcher.daemon.server.DaemonStateCoordinator] Command execution: started DaemonCommandExecution[command = Build{id=6bf7bba5-7a0b-4eae-8c60-fd76e75bdcfb, currentDir=C:\SeminarioIntegrador-FastAccessApp}, connection = DefaultDaemonConnection: socket connection from /127.0.0.1:53858 to /127.0.0.1:53859] after 0.00655 minutes of idle
2025-05-01T22:45:33.126-0300 [INFO] [org.gradle.launcher.daemon.server.DaemonRegistryUpdater] Marking the daemon as busy, address: [33fcc9e6-c280-4907-93fc-b61653ee5c07 port:53858, addresses:[localhost/127.0.0.1]]
2025-05-01T22:45:33.126-0300 [DEBUG] [org.gradle.launcher.daemon.registry.PersistentDaemonRegistry] Marking busy by address: [33fcc9e6-c280-4907-93fc-b61653ee5c07 port:53858, addresses:[localhost/127.0.0.1]]
2025-05-01T22:45:33.127-0300 [DEBUG] [org.gradle.cache.internal.DefaultFileLockManager] Waiting to acquire exclusive lock on daemon addresses registry.
2025-05-01T22:45:33.128-0300 [DEBUG] [org.gradle.cache.internal.DefaultFileLockManager] Lock acquired on daemon addresses registry.
2025-05-01T22:45:33.129-0300 [DEBUG] [org.gradle.cache.internal.DefaultFileLockManager] Releasing lock on daemon addresses registry.
2025-05-01T22:45:33.129-0300 [DEBUG] [org.gradle.launcher.daemon.server.DaemonStateCoordinator] resetting idle timer
2025-05-01T22:45:33.129-0300 [DEBUG] [org.gradle.launcher.daemon.server.DaemonStateCoordinator] daemon is running. Sleeping until state changes.
2025-05-01T22:45:33.130-0300 [INFO] [org.gradle.launcher.daemon.server.exec.StartBuildOrRespondWithBusy] Daemon is about to start building Build{id=6bf7bba5-7a0b-4eae-8c60-fd76e75bdcfb, currentDir=C:\SeminarioIntegrador-FastAccessApp}. Dispatching build started information...
2025-05-01T22:45:33.130-0300 [DEBUG] [org.gradle.launcher.daemon.server.SynchronizedDispatchConnection] thread 37: dispatching org.gradle.launcher.daemon.protocol.BuildStarted@12b60cab
2025-05-01T22:45:33.132-0300 [DEBUG] [org.gradle.launcher.daemon.server.exec.EstablishBuildEnvironment] Configuring env variables: [USERDOMAIN_ROAMINGPROFILE, PROCESSOR_LEVEL, SESSIONNAME, ALLUSERSPROFILE, PROCESSOR_ARCHITECTURE, PSModulePath, SystemDrive, MAVEN_HOME, ACSvcPort, USERNAME, ProgramFiles(x86), DokanLibrary1_LibraryPath_x64, FPS_BROWSER_USER_PROFILE_STRING, PATHEXT, DriverData, IntelliJ IDEA Community Edition, ProgramData, ProgramW6432, __PSLockDownPolicy, HOMEPATH, PROCESSOR_IDENTIFIER, ProgramFiles, PUBLIC, windir, VS160COMCOMNTOOLS, =::, VS150COMCOMNTOOLS, ZES_ENABLE_SYSMAN, LOCALAPPDATA, ChocolateyLastPathUpdate, USERDOMAIN, LOGONSERVER, FPS_BROWSER_APP_PROFILE_STRING, JAVA_HOME, RlsSvcPort, OneDrive, APPDATA, ChocolateyInstall, XPCDrive, DokanLibrary1_LibraryPath_x86, DokanLibrary1, CommonProgramFiles, Path, OS, COMPUTERNAME, PROCESSOR_REVISION, CommonProgramW6432, ComSpec, TEMP, SystemRoot, HOMEDRIVE, EFC_1288, USERPROFILE, TMP, CommonProgramFiles(x86), NUMBER_OF_PROCESSORS]
2025-05-01T22:45:33.139-0300 [DEBUG] [org.gradle.launcher.daemon.server.exec.LogToClient] About to start relaying all logs to the client via the connection.
2025-05-01T22:45:33.139-0300 [INFO] [org.gradle.launcher.daemon.server.exec.LogToClient] The client will now receive all logging from the daemon (pid: 14904). The daemon log file: C:\SeminarioIntegrador-FastAccessApp\daemon\8.9\daemon-14904.out.log
2025-05-01T22:45:33.143-0300 [INFO] [org.gradle.launcher.daemon.server.exec.LogAndCheckHealth] Starting build in new daemon [memory: 2 GiB]
2025-05-01T22:45:33.145-0300 [DEBUG] [org.gradle.launcher.daemon.server.exec.ExecuteBuild] The daemon has started executing the build.
2025-05-01T22:45:33.145-0300 [DEBUG] [org.gradle.launcher.daemon.server.exec.ExecuteBuild] Executing build with daemon context: DefaultDaemonContext[uid=4cb5a738-7359-4a8f-8b6e-854cc00d5fc7,javaHome=C:\Program Files\Java\jdk-20,javaVersion=20,daemonRegistryDir=C:\SeminarioIntegrador-FastAccessApp\daemon,pid=14904,idleTimeout=10800000,priority=NORMAL,applyInstrumentationAgent=true,nativeServicesMode=ENABLED,daemonOpts=--add-exports=jdk.compiler/com.sun.tools.javac.util=ALL-UNNAMED,--add-opens=java.base/java.util.concurrent.atomic=ALL-UNNAMED,--add-opens=java.base/java.util=ALL-UNNAMED,--add-opens=java.base/java.lang=ALL-UNNAMED,--add-opens=java.base/java.lang.invoke=ALL-UNNAMED,--add-opens=java.prefs/java.util.prefs=ALL-UNNAMED,--add-exports=jdk.compiler/com.sun.tools.javac.api=ALL-UNNAMED,--add-exports=jdk.compiler/com.sun.tools.javac.util=ALL-UNNAMED,--add-opens=java.base/java.nio.charset=ALL-UNNAMED,--add-opens=java.base/java.net=ALL-UNNAMED,--add-opens=java.base/java.util.concurrent.atomic=ALL-UNNAMED,-Xmx2048m,-Dfile.encoding=UTF-8,-Duser.country=AR,-Duser.language=es,-Duser.variant]

Deprecated Gradle features were used in this build, making it incompatible with Gradle 9.0.

You can use '--warning-mode all' to show the individual deprecation warnings and determine if they come from your own scripts or plugins.

For more on this, please refer to https://docs.gradle.org/8.9/userguide/command_line_interface.html#sec:command_line_warnings in the Gradle documentation.

BUILD SUCCESSFUL in 33s
2025-05-01T22:46:04.210-0300 [DEBUG] [org.gradle.launcher.daemon.server.exec.ExecuteBuild] The daemon has finished executing the build.
2025-05-01T22:46:04.232-0300 [DEBUG] [org.gradle.launcher.daemon.server.DaemonStateCoordinator] daemon is running. Sleeping until state changes.
2025-05-01T22:46:04.233-0300 [DEBUG] [org.gradle.launcher.daemon.server.DaemonStateCoordinator] Command execution: finished waiting for DaemonCommandExecution[command = Build{id=6bf7bba5-7a0b-4eae-8c60-fd76e75bdcfb, currentDir=C:\SeminarioIntegrador-FastAccessApp}, connection = DefaultDaemonConnection: socket connection from /127.0.0.1:53858 to /127.0.0.1:53859]. Result org.gradle.launcher.daemon.server.DaemonStateCoordinator@2f6b0fd6 with state Busy
2025-05-01T22:46:04.234-0300 [DEBUG] [org.gradle.launcher.daemon.server.DaemonStateCoordinator] Command execution: completed DaemonCommandExecution[command = Build{id=6bf7bba5-7a0b-4eae-8c60-fd76e75bdcfb, currentDir=C:\SeminarioIntegrador-FastAccessApp}, connection = DefaultDaemonConnection: socket connection from /127.0.0.1:53858 to /127.0.0.1:53859]
2025-05-01T22:46:04.234-0300 [DEBUG] [org.gradle.launcher.daemon.server.DaemonStateCoordinator] resetting idle timer
2025-05-01T22:46:04.234-0300 [INFO] [org.gradle.launcher.daemon.server.DaemonRegistryUpdater] Marking the daemon as idle, address: [33fcc9e6-c280-4907-93fc-b61653ee5c07 port:53858, addresses:[localhost/127.0.0.1]]
2025-05-01T22:46:04.235-0300 [DEBUG] [org.gradle.launcher.daemon.registry.PersistentDaemonRegistry] Marking busy by address: [33fcc9e6-c280-4907-93fc-b61653ee5c07 port:53858, addresses:[localhost/127.0.0.1]]
2025-05-01T22:46:04.236-0300 [DEBUG] [org.gradle.cache.internal.DefaultFileLockManager] Waiting to acquire exclusive lock on daemon addresses registry.
2025-05-01T22:46:04.237-0300 [DEBUG] [org.gradle.cache.internal.DefaultFileLockManager] Lock acquired on daemon addresses registry.
2025-05-01T22:46:04.240-0300 [DEBUG] [org.gradle.cache.internal.DefaultFileLockManager] Releasing lock on daemon addresses registry.
2025-05-01T22:46:04.242-0300 [DEBUG] [org.gradle.launcher.daemon.server.exec.ReturnResult] Daemon is dispatching the build result: Success[value=org.gradle.launcher.exec.BuildActionResult@32398753]
2025-05-01T22:46:04.242-0300 [DEBUG] [org.gradle.launcher.daemon.server.SynchronizedDispatchConnection] thread 34: dispatching Success[value=org.gradle.launcher.exec.BuildActionResult@32398753]
2025-05-01T22:46:04.244-0300 [DEBUG] [org.gradle.launcher.daemon.server.SynchronizedDispatchConnection] thread 35: received class org.gradle.launcher.daemon.protocol.CloseInput
2025-05-01T22:46:04.244-0300 [DEBUG] [org.gradle.launcher.daemon.server.DefaultDaemonConnection] thread 35: Received IO message from client: org.gradle.launcher.daemon.protocol.CloseInput@2966bc64
2025-05-01T22:46:04.244-0300 [DEBUG] [org.gradle.launcher.daemon.server.SynchronizedDispatchConnection] thread 35: received class org.gradle.launcher.daemon.protocol.Finished
2025-05-01T22:46:04.244-0300 [DEBUG] [org.gradle.launcher.daemon.server.DefaultDaemonConnection] thread 35: Received non-IO message from client: org.gradle.launcher.daemon.protocol.Finished@4a6129a
2025-05-01T22:46:04.245-0300 [DEBUG] [org.gradle.internal.remote.internal.inet.SocketConnection] Discarding EOFException: java.io.EOFException
2025-05-01T22:46:04.245-0300 [DEBUG] [org.gradle.launcher.daemon.server.SynchronizedDispatchConnection] thread 35: received null
2025-05-01T22:46:04.246-0300 [DEBUG] [org.gradle.launcher.daemon.server.DefaultDaemonConnection] thread 35: Received end-of-input from client.
2025-05-01T22:46:04.244-0300 [DEBUG] [org.gradle.launcher.daemon.server.DaemonStateCoordinator] daemon is running. Sleeping until state changes.
2025-05-01T22:46:04.246-0300 [DEBUG] [org.gradle.launcher.daemon.server.DefaultIncomingConnectionHandler] Finishing executing command: Build{id=6bf7bba5-7a0b-4eae-8c60-fd76e75bdcfb, currentDir=C:\SeminarioIntegrador-FastAccessApp}
2025-05-01T22:46:04.247-0300 [WARN] [org.gradle.launcher.daemon.server.DefaultIncomingConnectionHandler] Timed out waiting for finished message from client socket connection from /127.0.0.1:53858 to /127.0.0.1:53859. Discarding connection.
2025-05-01T22:46:04.247-0300 [DEBUG] [org.gradle.launcher.daemon.server.SynchronizedDispatchConnection] thread 34: stopping connection
2025-05-01T22:46:04.249-0300 [DEBUG] [org.gradle.launcher.daemon.server.SynchronizedDispatchConnection] thread 34: stopping connection
2025-05-01T22:46:04.251-0300 [DEBUG] [org.gradle.launcher.daemon.server.exec.CleanUpVirtualFileSystemAfterBuild] Cleaning virtual file system after build finished
2025-05-01T22:46:06.948-0300 [DEBUG] [org.gradle.process.internal.health.memory.DefaultMemoryManager] 1702463488 physical memory requested, 1189879808 free
2025-05-01T22:46:06.948-0300 [DEBUG] [org.gradle.workers.internal.WorkerDaemonExpiration] Will attempt to release 1623 of memory
2025-05-01T22:46:06.948-0300 [DEBUG] [org.gradle.process.internal.health.memory.DefaultMemoryManager] 1702463488 physical memory requested, 0 released, 1189879808 free
2025-05-01T22:46:11.945-0300 [DEBUG] [org.gradle.process.internal.health.memory.DefaultMemoryManager] 1702463488 physical memory requested, 1199882240 free
2025-05-01T22:46:11.945-0300 [DEBUG] [org.gradle.workers.internal.WorkerDaemonExpiration] Will attempt to release 1623 of memory
2025-05-01T22:46:11.946-0300 [DEBUG] [org.gradle.process.internal.health.memory.DefaultMemoryManager] 1702463488 physical memory requested, 0 released, 1199882240 free
2025-05-01T22:46:13.016-0300 [DEBUG] [org.gradle.cache.internal.DefaultFileLockManager] Waiting to acquire shared lock on daemon addresses registry.
2025-05-01T22:46:13.016-0300 [DEBUG] [org.gradle.cache.internal.DefaultFileLockManager] Lock acquired on daemon addresses registry.
2025-05-01T22:46:13.016-0300 [DEBUG] [org.gradle.cache.internal.DefaultFileLockManager] Releasing lock on daemon addresses registry.
2025-05-01T22:46:13.017-0300 [DEBUG] [org.gradle.cache.internal.DefaultFileLockManager] Waiting to acquire shared lock on daemon addresses registry.
2025-05-01T22:46:13.018-0300 [DEBUG] [org.gradle.cache.internal.DefaultFileLockManager] Lock acquired on daemon addresses registry.
2025-05-01T22:46:13.018-0300 [DEBUG] [org.gradle.cache.internal.DefaultFileLockManager] Releasing lock on daemon addresses registry.
2025-05-01T22:46:16.936-0300 [DEBUG] [org.gradle.process.internal.health.memory.DefaultMemoryManager] 1702463488 physical memory requested, 1186267136 free
2025-05-01T22:46:16.936-0300 [DEBUG] [org.gradle.workers.internal.WorkerDaemonExpiration] Will attempt to release 1623 of memory
2025-05-01T22:46:16.937-0300 [DEBUG] [org.gradle.process.internal.health.memory.DefaultMemoryManager] 1702463488 physical memory requested, 0 released, 1186267136 free
2025-05-01T22:46:21.949-0300 [DEBUG] [org.gradle.process.internal.health.memory.DefaultMemoryManager] 1702463488 physical memory requested, 1194188800 free
2025-05-01T22:46:21.949-0300 [DEBUG] [org.gradle.workers.internal.WorkerDaemonExpiration] Will attempt to release 1623 of memory
2025-05-01T22:46:21.949-0300 [DEBUG] [org.gradle.process.internal.health.memory.DefaultMemoryManager] 1702463488 physical memory requested, 0 released, 1194188800 free
2025-05-01T22:46:23.010-0300 [DEBUG] [org.gradle.cache.internal.DefaultFileLockManager] Waiting to acquire shared lock on daemon addresses registry.
2025-05-01T22:46:23.010-0300 [DEBUG] [org.gradle.cache.internal.DefaultFileLockManager] Lock acquired on daemon addresses registry.
2025-05-01T22:46:23.010-0300 [DEBUG] [org.gradle.cache.internal.DefaultFileLockManager] Releasing lock on daemon addresses registry.
2025-05-01T22:46:23.011-0300 [DEBUG] [org.gradle.cache.internal.DefaultFileLockManager] Waiting to acquire shared lock on daemon addresses registry.
2025-05-01T22:46:23.011-0300 [DEBUG] [org.gradle.cache.internal.DefaultFileLockManager] Lock acquired on daemon addresses registry.
2025-05-01T22:46:23.012-0300 [DEBUG] [org.gradle.cache.internal.DefaultFileLockManager] Releasing lock on daemon addresses registry.
2025-05-01T22:46:23.013-0300 [DEBUG] [org.gradle.cache.internal.DefaultFileLockManager] Waiting to acquire shared lock on daemon addresses registry.
2025-05-01T22:46:23.013-0300 [DEBUG] [org.gradle.cache.internal.DefaultFileLockManager] Lock acquired on daemon addresses registry.
2025-05-01T22:46:23.014-0300 [DEBUG] [org.gradle.cache.internal.DefaultFileLockManager] Releasing lock on daemon addresses registry.
2025-05-01T22:46:26.948-0300 [DEBUG] [org.gradle.process.internal.health.memory.DefaultMemoryManager] 1702463488 physical memory requested, 1083408384 free
2025-05-01T22:46:26.949-0300 [DEBUG] [org.gradle.workers.internal.WorkerDaemonExpiration] Will attempt to release 1623 of memory
2025-05-01T22:46:26.949-0300 [DEBUG] [org.gradle.process.internal.health.memory.DefaultMemoryManager] 1702463488 physical memory requested, 0 released, 1083408384 free
2025-05-01T22:46:31.942-0300 [DEBUG] [org.gradle.process.internal.health.memory.DefaultMemoryManager] 1702463488 physical memory requested, 833478656 free
2025-05-01T22:46:31.942-0300 [DEBUG] [org.gradle.workers.internal.WorkerDaemonExpiration] Will attempt to release 1623 of memory
2025-05-01T22:46:31.942-0300 [DEBUG] [org.gradle.process.internal.health.memory.DefaultMemoryManager] 1702463488 physical memory requested, 0 released, 833478656 free
2025-05-01T22:46:33.019-0300 [DEBUG] [org.gradle.cache.internal.DefaultFileLockManager] Waiting to acquire shared lock on daemon addresses registry.
2025-05-01T22:46:33.019-0300 [DEBUG] [org.gradle.cache.internal.DefaultFileLockManager] Lock acquired on daemon addresses registry.
2025-05-01T22:46:33.020-0300 [DEBUG] [org.gradle.cache.internal.DefaultFileLockManager] Releasing lock on daemon addresses registry.
2025-05-01T22:46:33.022-0300 [DEBUG] [org.gradle.cache.internal.DefaultFileLockManager] Waiting to acquire shared lock on daemon addresses registry.
2025-05-01T22:46:33.022-0300 [DEBUG] [org.gradle.cache.internal.DefaultFileLockManager] Lock acquired on daemon addresses registry.
2025-05-01T22:46:33.022-0300 [DEBUG] [org.gradle.cache.internal.DefaultFileLockManager] Releasing lock on daemon addresses registry.
2025-05-01T22:46:33.023-0300 [DEBUG] [org.gradle.cache.internal.DefaultFileLockManager] Waiting to acquire shared lock on daemon addresses registry.
2025-05-01T22:46:33.024-0300 [DEBUG] [org.gradle.cache.internal.DefaultFileLockManager] Lock acquired on daemon addresses registry.
2025-05-01T22:46:33.024-0300 [DEBUG] [org.gradle.cache.internal.DefaultFileLockManager] Releasing lock on daemon addresses registry.
2025-05-01T22:46:36.947-0300 [DEBUG] [org.gradle.process.internal.health.memory.DefaultMemoryManager] 1702463488 physical memory requested, 1435582464 free
2025-05-01T22:46:36.947-0300 [DEBUG] [org.gradle.workers.internal.WorkerDaemonExpiration] Will attempt to release 1623 of memory
2025-05-01T22:46:36.947-0300 [DEBUG] [org.gradle.process.internal.health.memory.DefaultMemoryManager] 1702463488 physical memory requested, 0 released, 1435582464 free
2025-05-01T22:46:41.943-0300 [DEBUG] [org.gradle.process.internal.health.memory.DefaultMemoryManager] 1702463488 physical memory requested, 1426452480 free
2025-05-01T22:46:41.943-0300 [DEBUG] [org.gradle.workers.internal.WorkerDaemonExpiration] Will attempt to release 1623 of memory
2025-05-01T22:46:41.943-0300 [DEBUG] [org.gradle.process.internal.health.memory.DefaultMemoryManager] 1702463488 physical memory requested, 0 released, 1426452480 free
2025-05-01T22:46:43.017-0300 [DEBUG] [org.gradle.cache.internal.DefaultFileLockManager] Waiting to acquire shared lock on daemon addresses registry.
2025-05-01T22:46:43.017-0300 [DEBUG] [org.gradle.cache.internal.DefaultFileLockManager] Lock acquired on daemon addresses registry.
2025-05-01T22:46:43.018-0300 [DEBUG] [org.gradle.cache.internal.DefaultFileLockManager] Releasing lock on daemon addresses registry.
2025-05-01T22:46:43.020-0300 [DEBUG] [org.gradle.cache.internal.DefaultFileLockManager] Waiting to acquire shared lock on daemon addresses registry.
2025-05-01T22:46:43.020-0300 [DEBUG] [org.gradle.cache.internal.DefaultFileLockManager] Lock acquired on daemon addresses registry.
2025-05-01T22:46:43.021-0300 [DEBUG] [org.gradle.cache.internal.DefaultFileLockManager] Releasing lock on daemon addresses registry.
2025-05-01T22:46:43.022-0300 [DEBUG] [org.gradle.cache.internal.DefaultFileLockManager] Waiting to acquire shared lock on daemon addresses registry.
2025-05-01T22:46:43.022-0300 [DEBUG] [org.gradle.cache.internal.DefaultFileLockManager] Lock acquired on daemon addresses registry.
2025-05-01T22:46:43.022-0300 [DEBUG] [org.gradle.cache.internal.DefaultFileLockManager] Releasing lock on daemon addresses registry.
2025-05-01T22:46:46.942-0300 [DEBUG] [org.gradle.process.internal.health.memory.DefaultMemoryManager] 1702463488 physical memory requested, 1244106752 free
2025-05-01T22:46:46.942-0300 [DEBUG] [org.gradle.workers.internal.WorkerDaemonExpiration] Will attempt to release 1623 of memory
2025-05-01T22:46:46.942-0300 [DEBUG] [org.gradle.process.internal.health.memory.DefaultMemoryManager] 1702463488 physical memory requested, 0 released, 1244106752 free
2025-05-01T22:46:51.938-0300 [DEBUG] [org.gradle.process.internal.health.memory.DefaultMemoryManager] 1702463488 physical memory requested, 1167396864 free
2025-05-01T22:46:51.938-0300 [DEBUG] [org.gradle.workers.internal.WorkerDaemonExpiration] Will attempt to release 1623 of memory
2025-05-01T22:46:51.938-0300 [DEBUG] [org.gradle.process.internal.health.memory.DefaultMemoryManager] 1702463488 physical memory requested, 0 released, 1167396864 free
2025-05-01T22:46:53.015-0300 [DEBUG] [org.gradle.cache.internal.DefaultFileLockManager] Waiting to acquire shared lock on daemon addresses registry.
2025-05-01T22:46:53.015-0300 [DEBUG] [org.gradle.cache.internal.DefaultFileLockManager] Lock acquired on daemon addresses registry.
2025-05-01T22:46:53.016-0300 [DEBUG] [org.gradle.cache.internal.DefaultFileLockManager] Releasing lock on daemon addresses registry.
2025-05-01T22:46:53.017-0300 [DEBUG] [org.gradle.cache.internal.DefaultFileLockManager] Waiting to acquire shared lock on daemon addresses registry.
2025-05-01T22:46:53.017-0300 [DEBUG] [org.gradle.cache.internal.DefaultFileLockManager] Lock acquired on daemon addresses registry.
2025-05-01T22:46:53.017-0300 [DEBUG] [org.gradle.cache.internal.DefaultFileLockManager] Releasing lock on daemon addresses registry.
2025-05-01T22:46:53.018-0300 [DEBUG] [org.gradle.cache.internal.DefaultFileLockManager] Waiting to acquire shared lock on daemon addresses registry.
2025-05-01T22:46:53.019-0300 [DEBUG] [org.gradle.cache.internal.DefaultFileLockManager] Lock acquired on daemon addresses registry.
2025-05-01T22:46:53.019-0300 [DEBUG] [org.gradle.cache.internal.DefaultFileLockManager] Releasing lock on daemon addresses registry.
2025-05-01T22:46:56.948-0300 [DEBUG] [org.gradle.process.internal.health.memory.DefaultMemoryManager] 1702463488 physical memory requested, 1272762368 free
2025-05-01T22:46:56.948-0300 [DEBUG] [org.gradle.workers.internal.WorkerDaemonExpiration] Will attempt to release 1623 of memory
2025-05-01T22:46:56.948-0300 [DEBUG] [org.gradle.process.internal.health.memory.DefaultMemoryManager] 1702463488 physical memory requested, 0 released, 1272762368 free
2025-05-01T22:47:01.938-0300 [DEBUG] [org.gradle.process.internal.health.memory.DefaultMemoryManager] 1702463488 physical memory requested, 1190887424 free
2025-05-01T22:47:01.938-0300 [DEBUG] [org.gradle.workers.internal.WorkerDaemonExpiration] Will attempt to release 1623 of memory
2025-05-01T22:47:01.938-0300 [DEBUG] [org.gradle.process.internal.health.memory.DefaultMemoryManager] 1702463488 physical memory requested, 0 released, 1190887424 free
2025-05-01T22:47:03.015-0300 [DEBUG] [org.gradle.cache.internal.DefaultFileLockManager] Waiting to acquire shared lock on daemon addresses registry.
2025-05-01T22:47:03.016-0300 [DEBUG] [org.gradle.cache.internal.DefaultFileLockManager] Lock acquired on daemon addresses registry.
2025-05-01T22:47:03.016-0300 [DEBUG] [org.gradle.cache.internal.DefaultFileLockManager] Releasing lock on daemon addresses registry.
2025-05-01T22:47:03.017-0300 [DEBUG] [org.gradle.cache.internal.DefaultFileLockManager] Waiting to acquire shared lock on daemon addresses registry.
2025-05-01T22:47:03.017-0300 [DEBUG] [org.gradle.cache.internal.DefaultFileLockManager] Lock acquired on daemon addresses registry.
2025-05-01T22:47:03.017-0300 [DEBUG] [org.gradle.cache.internal.DefaultFileLockManager] Releasing lock on daemon addresses registry.
2025-05-01T22:47:03.018-0300 [DEBUG] [org.gradle.cache.internal.DefaultFileLockManager] Waiting to acquire shared lock on daemon addresses registry.
2025-05-01T22:47:03.018-0300 [DEBUG] [org.gradle.cache.internal.DefaultFileLockManager] Lock acquired on daemon addresses registry.
2025-05-01T22:47:03.019-0300 [DEBUG] [org.gradle.cache.internal.DefaultFileLockManager] Releasing lock on daemon addresses registry.
2025-05-01T22:47:06.943-0300 [DEBUG] [org.gradle.process.internal.health.memory.DefaultMemoryManager] 1702463488 physical memory requested, 786022400 free
2025-05-01T22:47:06.943-0300 [DEBUG] [org.gradle.workers.internal.WorkerDaemonExpiration] Will attempt to release 1623 of memory
2025-05-01T22:47:06.943-0300 [DEBUG] [org.gradle.process.internal.health.memory.DefaultMemoryManager] 1702463488 physical memory requested, 0 released, 786022400 free
2025-05-01T22:47:11.989-0300 [DEBUG] [org.gradle.process.internal.health.memory.DefaultMemoryManager] 1702463488 physical memory requested, 421535744 free
2025-05-01T22:47:11.989-0300 [DEBUG] [org.gradle.workers.internal.WorkerDaemonExpiration] Will attempt to release 1623 of memory
2025-05-01T22:47:11.990-0300 [DEBUG] [org.gradle.process.internal.health.memory.DefaultMemoryManager] 1702463488 physical memory requested, 0 released, 421535744 free
2025-05-01T22:47:13.008-0300 [DEBUG] [org.gradle.cache.internal.DefaultFileLockManager] Waiting to acquire shared lock on daemon addresses registry.
2025-05-01T22:47:13.009-0300 [DEBUG] [org.gradle.cache.internal.DefaultFileLockManager] Lock acquired on daemon addresses registry.
2025-05-01T22:47:13.013-0300 [DEBUG] [org.gradle.cache.internal.DefaultFileLockManager] Releasing lock on daemon addresses registry.
2025-05-01T22:47:13.015-0300 [DEBUG] [org.gradle.cache.internal.DefaultFileLockManager] Waiting to acquire shared lock on daemon addresses registry.
2025-05-01T22:47:13.016-0300 [DEBUG] [org.gradle.cache.internal.DefaultFileLockManager] Lock acquired on daemon addresses registry.
2025-05-01T22:47:13.016-0300 [DEBUG] [org.gradle.cache.internal.DefaultFileLockManager] Releasing lock on daemon addresses registry.
2025-05-01T22:47:13.018-0300 [DEBUG] [org.gradle.cache.internal.DefaultFileLockManager] Waiting to acquire shared lock on daemon addresses registry.
2025-05-01T22:47:13.018-0300 [DEBUG] [org.gradle.cache.internal.DefaultFileLockManager] Lock acquired on daemon addresses registry.
2025-05-01T22:47:13.019-0300 [DEBUG] [org.gradle.cache.internal.DefaultFileLockManager] Releasing lock on daemon addresses registry.
2025-05-01T22:47:16.961-0300 [DEBUG] [org.gradle.process.internal.health.memory.DefaultMemoryManager] 1702463488 physical memory requested, 641671168 free
2025-05-01T22:47:16.961-0300 [DEBUG] [org.gradle.workers.internal.WorkerDaemonExpiration] Will attempt to release 1623 of memory
2025-05-01T22:47:16.962-0300 [DEBUG] [org.gradle.process.internal.health.memory.DefaultMemoryManager] 1702463488 physical memory requested, 0 released, 641671168 free
2025-05-01T22:47:17.784-0300 [DEBUG] [org.gradle.cache.internal.LockOnDemandCrossProcessCacheAccess] Lock on journal cache (C:\SeminarioIntegrador-FastAccessApp\caches\journal-1) requested by another process - releasing lock.
2025-05-01T22:47:17.784-0300 [DEBUG] [org.gradle.cache.internal.LockOnDemandCrossProcessCacheAccess] Releasing file lock for journal cache (C:\SeminarioIntegrador-FastAccessApp\caches\journal-1)
2025-05-01T22:47:17.786-0300 [DEBUG] [org.gradle.cache.internal.btree.BTreePersistentIndexedCache] Closing cache file-access.bin (C:\SeminarioIntegrador-FastAccessApp\caches\journal-1\file-access.bin)
2025-05-01T22:47:17.787-0300 [DEBUG] [org.gradle.cache.internal.DefaultFileLockManager] Releasing lock on journal cache (C:\SeminarioIntegrador-FastAccessApp\caches\journal-1).
2025-05-01T22:47:17.788-0300 [DEBUG] [org.gradle.cache.internal.locklistener.FileLockCommunicator] Confirming lock release to Gradle process at port 51911 for lock with id -6365722127918446447.
2025-05-01T22:47:17.789-0300 [DEBUG] [org.gradle.cache.internal.locklistener.FileLockCommunicator] Confirming lock release to Gradle process at port 51911 for lock with id -6365722127918446447.
2025-05-01T22:47:17.846-0300 [DEBUG] [org.gradle.cache.internal.LockOnDemandCrossProcessCacheAccess] Lock on file hash cache (C:\SeminarioIntegrador-FastAccessApp\caches\8.9\fileHashes) requested by another process - releasing lock.
2025-05-01T22:47:17.846-0300 [DEBUG] [org.gradle.cache.internal.LockOnDemandCrossProcessCacheAccess] Releasing file lock for file hash cache (C:\SeminarioIntegrador-FastAccessApp\caches\8.9\fileHashes)
2025-05-01T22:47:17.847-0300 [DEBUG] [org.gradle.cache.internal.btree.BTreePersistentIndexedCache] Closing cache fileHashes.bin (C:\SeminarioIntegrador-FastAccessApp\caches\8.9\fileHashes\fileHashes.bin)
2025-05-01T22:47:17.847-0300 [DEBUG] [org.gradle.cache.internal.btree.BTreePersistentIndexedCache] Closing cache resourceHashesCache.bin (C:\SeminarioIntegrador-FastAccessApp\caches\8.9\fileHashes\resourceHashesCache.bin)
2025-05-01T22:47:17.847-0300 [DEBUG] [org.gradle.cache.internal.DefaultFileLockManager] Releasing lock on file hash cache (C:\SeminarioIntegrador-FastAccessApp\caches\8.9\fileHashes).
2025-05-01T22:47:17.848-0300 [DEBUG] [org.gradle.cache.internal.locklistener.FileLockCommunicator] Confirming lock release to Gradle process at port 51911 for lock with id -5424322076175071560.
2025-05-01T22:47:17.848-0300 [DEBUG] [org.gradle.cache.internal.locklistener.FileLockCommunicator] Confirming lock release to Gradle process at port 51911 for lock with id -5424322076175071560.
2025-05-01T22:47:20.020-0300 [DEBUG] [org.gradle.cache.internal.LockOnDemandCrossProcessCacheAccess] Lock on file content cache (C:\SeminarioIntegrador-FastAccessApp\caches\8.9\fileContent) requested by another process - releasing lock.
2025-05-01T22:47:20.020-0300 [DEBUG] [org.gradle.cache.internal.LockOnDemandCrossProcessCacheAccess] Releasing file lock for file content cache (C:\SeminarioIntegrador-FastAccessApp\caches\8.9\fileContent)
2025-05-01T22:47:20.020-0300 [DEBUG] [org.gradle.cache.internal.DefaultFileLockManager] Releasing lock on file content cache (C:\SeminarioIntegrador-FastAccessApp\caches\8.9\fileContent).
2025-05-01T22:47:20.021-0300 [DEBUG] [org.gradle.cache.internal.locklistener.FileLockCommunicator] Confirming lock release to Gradle process at port 51911 for lock with id -7418506012814918838.
2025-05-01T22:47:20.022-0300 [DEBUG] [org.gradle.cache.internal.locklistener.FileLockCommunicator] Confirming lock release to Gradle process at port 51911 for lock with id -7418506012814918838.
2025-05-01T22:47:21.952-0300 [DEBUG] [org.gradle.process.internal.health.memory.DefaultMemoryManager] 1702463488 physical memory requested, 599662592 free
2025-05-01T22:47:21.953-0300 [DEBUG] [org.gradle.workers.internal.WorkerDaemonExpiration] Will attempt to release 1623 of memory
2025-05-01T22:47:21.954-0300 [DEBUG] [org.gradle.process.internal.health.memory.DefaultMemoryManager] 1702463488 physical memory requested, 0 released, 599662592 free
2025-05-01T22:47:22.220-0300 [DEBUG] [org.gradle.cache.internal.LockOnDemandCrossProcessCacheAccess] Lock on Generated Gradle JARs cache (C:\SeminarioIntegrador-FastAccessApp\caches\8.9\generated-gradle-jars) requested by another process - releasing lock.
2025-05-01T22:47:22.220-0300 [DEBUG] [org.gradle.cache.internal.LockOnDemandCrossProcessCacheAccess] Releasing file lock for Generated Gradle JARs cache (C:\SeminarioIntegrador-FastAccessApp\caches\8.9\generated-gradle-jars)
2025-05-01T22:47:22.220-0300 [DEBUG] [org.gradle.cache.internal.DefaultFileLockManager] Releasing lock on Generated Gradle JARs cache (C:\SeminarioIntegrador-FastAccessApp\caches\8.9\generated-gradle-jars).
2025-05-01T22:47:22.221-0300 [DEBUG] [org.gradle.cache.internal.locklistener.FileLockCommunicator] Confirming lock release to Gradle process at port 51911 for lock with id -3183044220816891519.
2025-05-01T22:47:22.221-0300 [DEBUG] [org.gradle.cache.internal.locklistener.FileLockCommunicator] Confirming lock release to Gradle process at port 51911 for lock with id -3183044220816891519.
2025-05-01T22:47:23.023-0300 [DEBUG] [org.gradle.cache.internal.DefaultFileLockManager] Waiting to acquire shared lock on daemon addresses registry.
2025-05-01T22:47:23.024-0300 [DEBUG] [org.gradle.cache.internal.DefaultFileLockManager] Lock acquired on daemon addresses registry.
2025-05-01T22:47:23.025-0300 [DEBUG] [org.gradle.cache.internal.DefaultFileLockManager] Releasing lock on daemon addresses registry.
2025-05-01T22:47:23.027-0300 [DEBUG] [org.gradle.cache.internal.DefaultFileLockManager] Waiting to acquire shared lock on daemon addresses registry.
2025-05-01T22:47:23.027-0300 [DEBUG] [org.gradle.cache.internal.DefaultFileLockManager] Lock acquired on daemon addresses registry.
2025-05-01T22:47:23.028-0300 [DEBUG] [org.gradle.cache.internal.DefaultFileLockManager] Releasing lock on daemon addresses registry.
2025-05-01T22:47:23.029-0300 [DEBUG] [org.gradle.cache.internal.DefaultFileLockManager] Waiting to acquire shared lock on daemon addresses registry.
2025-05-01T22:47:23.030-0300 [DEBUG] [org.gradle.cache.internal.DefaultFileLockManager] Lock acquired on daemon addresses registry.
2025-05-01T22:47:23.030-0300 [DEBUG] [org.gradle.cache.internal.DefaultFileLockManager] Releasing lock on daemon addresses registry.
2025-05-01T22:47:25.611-0300 [DEBUG] [org.gradle.cache.internal.LockOnDemandCrossProcessCacheAccess] Lock on artifact cache (C:\SeminarioIntegrador-FastAccessApp\caches\modules-2) requested by another process - releasing lock.
2025-05-01T22:47:25.612-0300 [DEBUG] [org.gradle.cache.internal.LockOnDemandCrossProcessCacheAccess] Releasing file lock for artifact cache (C:\SeminarioIntegrador-FastAccessApp\caches\modules-2)
2025-05-01T22:47:25.612-0300 [DEBUG] [org.gradle.cache.internal.btree.BTreePersistentIndexedCache] Closing cache module-artifact.bin (C:\SeminarioIntegrador-FastAccessApp\caches\modules-2\metadata-2.106\module-artifact.bin)
2025-05-01T22:47:25.612-0300 [DEBUG] [org.gradle.cache.internal.btree.BTreePersistentIndexedCache] Closing cache module-metadata.bin (C:\SeminarioIntegrador-FastAccessApp\caches\modules-2\metadata-2.106\module-metadata.bin)
2025-05-01T22:47:25.613-0300 [DEBUG] [org.gradle.cache.internal.btree.BTreePersistentIndexedCache] Closing cache module-artifacts.bin (C:\SeminarioIntegrador-FastAccessApp\caches\modules-2\metadata-2.106\module-artifacts.bin)
2025-05-01T22:47:25.614-0300 [DEBUG] [org.gradle.cache.internal.DefaultFileLockManager] Releasing lock on artifact cache (C:\SeminarioIntegrador-FastAccessApp\caches\modules-2).
2025-05-01T22:47:25.614-0300 [DEBUG] [org.gradle.cache.internal.locklistener.FileLockCommunicator] Confirming lock release to Gradle process at port 51911 for lock with id -3016117103121772633.
2025-05-01T22:47:25.615-0300 [DEBUG] [org.gradle.cache.internal.locklistener.FileLockCommunicator] Confirming lock release to Gradle process at port 51911 for lock with id -3016117103121772633.
2025-05-01T22:47:27.052-0300 [DEBUG] [org.gradle.process.internal.health.memory.DefaultMemoryManager] 1702463488 physical memory requested, 867659776 free
2025-05-01T22:47:27.052-0300 [DEBUG] [org.gradle.workers.internal.WorkerDaemonExpiration] Will attempt to release 1623 of memory
2025-05-01T22:47:27.052-0300 [DEBUG] [org.gradle.process.internal.health.memory.DefaultMemoryManager] 1702463488 physical memory requested, 0 released, 867659776 free
2025-05-01T22:47:31.944-0300 [DEBUG] [org.gradle.process.internal.health.memory.DefaultMemoryManager] 1702463488 physical memory requested, 818364416 free
2025-05-01T22:47:31.944-0300 [DEBUG] [org.gradle.workers.internal.WorkerDaemonExpiration] Will attempt to release 1623 of memory
2025-05-01T22:47:31.945-0300 [DEBUG] [org.gradle.process.internal.health.memory.DefaultMemoryManager] 1702463488 physical memory requested, 0 released, 818364416 free
2025-05-01T22:47:33.014-0300 [DEBUG] [org.gradle.cache.internal.DefaultFileLockManager] Waiting to acquire shared lock on daemon addresses registry.
2025-05-01T22:47:33.014-0300 [DEBUG] [org.gradle.cache.internal.DefaultFileLockManager] Lock acquired on daemon addresses registry.
2025-05-01T22:47:33.015-0300 [DEBUG] [org.gradle.cache.internal.DefaultFileLockManager] Releasing lock on daemon addresses registry.
2025-05-01T22:47:33.016-0300 [DEBUG] [org.gradle.cache.internal.DefaultFileLockManager] Waiting to acquire shared lock on daemon addresses registry.
2025-05-01T22:47:33.016-0300 [DEBUG] [org.gradle.cache.internal.DefaultFileLockManager] Lock acquired on daemon addresses registry.
2025-05-01T22:47:33.017-0300 [DEBUG] [org.gradle.cache.internal.DefaultFileLockManager] Releasing lock on daemon addresses registry.
2025-05-01T22:47:33.018-0300 [DEBUG] [org.gradle.cache.internal.DefaultFileLockManager] Waiting to acquire shared lock on daemon addresses registry.
2025-05-01T22:47:33.018-0300 [DEBUG] [org.gradle.cache.internal.DefaultFileLockManager] Lock acquired on daemon addresses registry.
2025-05-01T22:47:33.018-0300 [DEBUG] [org.gradle.cache.internal.DefaultFileLockManager] Releasing lock on daemon addresses registry.
2025-05-01T22:47:35.545-0300 [DEBUG] [org.gradle.internal.watch.registry.impl.DefaultFileWatcherProbeRegistry] Triggering watch probe for C:\SeminarioIntegrador-FastAccessApp
2025-05-01T22:47:35.545-0300 [DEBUG] [org.gradle.internal.watch.registry.impl.DefaultFileWatcherProbeRegistry] Triggering watch probe for C:\SeminarioIntegrador-FastAccessApp
2025-05-01T22:47:36.961-0300 [DEBUG] [org.gradle.process.internal.health.memory.DefaultMemoryManager] 1702463488 physical memory requested, 670371840 free
2025-05-01T22:47:36.961-0300 [DEBUG] [org.gradle.workers.internal.WorkerDaemonExpiration] Will attempt to release 1623 of memory
2025-05-01T22:47:36.962-0300 [DEBUG] [org.gradle.process.internal.health.memory.DefaultMemoryManager] 1702463488 physical memory requested, 0 released, 670371840 free
2025-05-01T22:47:41.944-0300 [DEBUG] [org.gradle.process.internal.health.memory.DefaultMemoryManager] 1702463488 physical memory requested, 593977344 free
2025-05-01T22:47:41.944-0300 [DEBUG] [org.gradle.workers.internal.WorkerDaemonExpiration] Will attempt to release 1623 of memory
2025-05-01T22:47:41.944-0300 [DEBUG] [org.gradle.process.internal.health.memory.DefaultMemoryManager] 1702463488 physical memory requested, 0 released, 593977344 free
2025-05-01T22:47:43.018-0300 [DEBUG] [org.gradle.cache.internal.DefaultFileLockManager] Waiting to acquire shared lock on daemon addresses registry.
2025-05-01T22:47:43.018-0300 [DEBUG] [org.gradle.cache.internal.DefaultFileLockManager] Lock acquired on daemon addresses registry.
2025-05-01T22:47:43.019-0300 [DEBUG] [org.gradle.cache.internal.DefaultFileLockManager] Releasing lock on daemon addresses registry.
2025-05-01T22:47:43.049-0300 [DEBUG] [org.gradle.cache.internal.DefaultFileLockManager] Waiting to acquire shared lock on daemon addresses registry.
2025-05-01T22:47:43.050-0300 [DEBUG] [org.gradle.cache.internal.DefaultFileLockManager] Lock acquired on daemon addresses registry.
2025-05-01T22:47:43.051-0300 [DEBUG] [org.gradle.cache.internal.DefaultFileLockManager] Releasing lock on daemon addresses registry.
2025-05-01T22:47:43.052-0300 [DEBUG] [org.gradle.cache.internal.DefaultFileLockManager] Waiting to acquire shared lock on daemon addresses registry.
2025-05-01T22:47:43.052-0300 [DEBUG] [org.gradle.cache.internal.DefaultFileLockManager] Lock acquired on daemon addresses registry.
2025-05-01T22:47:43.055-0300 [DEBUG] [org.gradle.cache.internal.DefaultFileLockManager] Releasing lock on daemon addresses registry.
2025-05-01T22:47:46.946-0300 [DEBUG] [org.gradle.process.internal.health.memory.DefaultMemoryManager] 1702463488 physical memory requested, 774602752 free
2025-05-01T22:47:46.947-0300 [DEBUG] [org.gradle.workers.internal.WorkerDaemonExpiration] Will attempt to release 1623 of memory
2025-05-01T22:47:46.947-0300 [DEBUG] [org.gradle.process.internal.health.memory.DefaultMemoryManager] 1702463488 physical memory requested, 0 released, 774602752 free
2025-05-01T22:47:52.016-0300 [DEBUG] [org.gradle.process.internal.health.memory.DefaultMemoryManager] 1702463488 physical memory requested, 508596224 free
2025-05-01T22:47:52.016-0300 [DEBUG] [org.gradle.workers.internal.WorkerDaemonExpiration] Will attempt to release 1623 of memory
2025-05-01T22:47:52.016-0300 [DEBUG] [org.gradle.process.internal.health.memory.DefaultMemoryManager] 1702463488 physical memory requested, 0 released, 508596224 free
2025-05-01T22:47:53.023-0300 [DEBUG] [org.gradle.cache.internal.DefaultFileLockManager] Waiting to acquire shared lock on daemon addresses registry.
2025-05-01T22:47:53.025-0300 [DEBUG] [org.gradle.cache.internal.DefaultFileLockManager] Lock acquired on daemon addresses registry.
2025-05-01T22:47:53.028-0300 [DEBUG] [org.gradle.cache.internal.DefaultFileLockManager] Releasing lock on daemon addresses registry.
2025-05-01T22:47:53.030-0300 [DEBUG] [org.gradle.cache.internal.DefaultFileLockManager] Waiting to acquire shared lock on daemon addresses registry.
2025-05-01T22:47:53.032-0300 [DEBUG] [org.gradle.cache.internal.DefaultFileLockManager] Lock acquired on daemon addresses registry.
2025-05-01T22:47:53.033-0300 [DEBUG] [org.gradle.cache.internal.DefaultFileLockManager] Releasing lock on daemon addresses registry.
2025-05-01T22:47:53.035-0300 [DEBUG] [org.gradle.cache.internal.DefaultFileLockManager] Waiting to acquire shared lock on daemon addresses registry.
2025-05-01T22:47:53.037-0300 [DEBUG] [org.gradle.cache.internal.DefaultFileLockManager] Lock acquired on daemon addresses registry.
2025-05-01T22:47:53.038-0300 [DEBUG] [org.gradle.cache.internal.DefaultFileLockManager] Releasing lock on daemon addresses registry.
2025-05-01T22:47:56.968-0300 [DEBUG] [org.gradle.process.internal.health.memory.DefaultMemoryManager] 1702463488 physical memory requested, 712253440 free
2025-05-01T22:47:56.969-0300 [DEBUG] [org.gradle.workers.internal.WorkerDaemonExpiration] Will attempt to release 1623 of memory
2025-05-01T22:47:56.969-0300 [DEBUG] [org.gradle.process.internal.health.memory.DefaultMemoryManager] 1702463488 physical memory requested, 0 released, 712253440 free
2025-05-01T22:48:01.997-0300 [DEBUG] [org.gradle.process.internal.health.memory.DefaultMemoryManager] 1702463488 physical memory requested, 394940416 free
2025-05-01T22:48:01.997-0300 [DEBUG] [org.gradle.workers.internal.WorkerDaemonExpiration] Will attempt to release 1623 of memory
2025-05-01T22:48:01.997-0300 [DEBUG] [org.gradle.process.internal.health.memory.DefaultMemoryManager] 1702463488 physical memory requested, 0 released, 394940416 free
2025-05-01T22:48:03.029-0300 [DEBUG] [org.gradle.cache.internal.DefaultFileLockManager] Waiting to acquire shared lock on daemon addresses registry.
2025-05-01T22:48:03.033-0300 [DEBUG] [org.gradle.cache.internal.DefaultFileLockManager] Lock acquired on daemon addresses registry.
2025-05-01T22:48:03.042-0300 [DEBUG] [org.gradle.cache.internal.DefaultFileLockManager] Releasing lock on daemon addresses registry.
2025-05-01T22:48:03.061-0300 [DEBUG] [org.gradle.cache.internal.DefaultFileLockManager] Waiting to acquire shared lock on daemon addresses registry.
2025-05-01T22:48:03.063-0300 [DEBUG] [org.gradle.cache.internal.DefaultFileLockManager] Lock acquired on daemon addresses registry.
2025-05-01T22:48:03.064-0300 [DEBUG] [org.gradle.cache.internal.DefaultFileLockManager] Releasing lock on daemon addresses registry.
2025-05-01T22:48:03.075-0300 [DEBUG] [org.gradle.cache.internal.DefaultFileLockManager] Waiting to acquire shared lock on daemon addresses registry.
2025-05-01T22:48:03.076-0300 [DEBUG] [org.gradle.cache.internal.DefaultFileLockManager] Lock acquired on daemon addresses registry.
2025-05-01T22:48:03.078-0300 [DEBUG] [org.gradle.cache.internal.DefaultFileLockManager] Releasing lock on daemon addresses registry.
2025-05-01T22:48:06.977-0300 [DEBUG] [org.gradle.process.internal.health.memory.DefaultMemoryManager] 1702463488 physical memory requested, 401547264 free
2025-05-01T22:48:06.982-0300 [DEBUG] [org.gradle.workers.internal.WorkerDaemonExpiration] Will attempt to release 1623 of memory
2025-05-01T22:48:06.985-0300 [DEBUG] [org.gradle.process.internal.health.memory.DefaultMemoryManager] 1702463488 physical memory requested, 0 released, 401547264 free
2025-05-01T22:48:12.010-0300 [DEBUG] [org.gradle.process.internal.health.memory.DefaultMemoryManager] 1702463488 physical memory requested, 556515328 free
2025-05-01T22:48:12.012-0300 [DEBUG] [org.gradle.workers.internal.WorkerDaemonExpiration] Will attempt to release 1623 of memory
2025-05-01T22:48:12.013-0300 [DEBUG] [org.gradle.process.internal.health.memory.DefaultMemoryManager] 1702463488 physical memory requested, 0 released, 556515328 free
2025-05-01T22:48:13.025-0300 [DEBUG] [org.gradle.cache.internal.DefaultFileLockManager] Waiting to acquire shared lock on daemon addresses registry.
2025-05-01T22:48:13.027-0300 [DEBUG] [org.gradle.cache.internal.DefaultFileLockManager] Lock acquired on daemon addresses registry.
2025-05-01T22:48:13.029-0300 [DEBUG] [org.gradle.cache.internal.DefaultFileLockManager] Releasing lock on daemon addresses registry.
2025-05-01T22:48:13.030-0300 [DEBUG] [org.gradle.cache.internal.DefaultFileLockManager] Waiting to acquire shared lock on daemon addresses registry.
2025-05-01T22:48:13.031-0300 [DEBUG] [org.gradle.cache.internal.DefaultFileLockManager] Lock acquired on daemon addresses registry.
2025-05-01T22:48:13.032-0300 [DEBUG] [org.gradle.cache.internal.DefaultFileLockManager] Releasing lock on daemon addresses registry.
2025-05-01T22:48:13.033-0300 [DEBUG] [org.gradle.cache.internal.DefaultFileLockManager] Waiting to acquire shared lock on daemon addresses registry.
2025-05-01T22:48:13.034-0300 [DEBUG] [org.gradle.cache.internal.DefaultFileLockManager] Lock acquired on daemon addresses registry.
2025-05-01T22:48:13.035-0300 [DEBUG] [org.gradle.cache.internal.DefaultFileLockManager] Releasing lock on daemon addresses registry.
2025-05-01T22:48:16.983-0300 [DEBUG] [org.gradle.process.internal.health.memory.DefaultMemoryManager] 1702463488 physical memory requested, 607870976 free
2025-05-01T22:48:16.986-0300 [DEBUG] [org.gradle.workers.internal.WorkerDaemonExpiration] Will attempt to release 1623 of memory
2025-05-01T22:48:16.987-0300 [DEBUG] [org.gradle.process.internal.health.memory.DefaultMemoryManager] 1702463488 physical memory requested, 0 released, 607870976 free
2025-05-01T22:48:21.953-0300 [DEBUG] [org.gradle.process.internal.health.memory.DefaultMemoryManager] 1702463488 physical memory requested, 852934656 free
2025-05-01T22:48:21.953-0300 [DEBUG] [org.gradle.workers.internal.WorkerDaemonExpiration] Will attempt to release 1623 of memory
2025-05-01T22:48:21.953-0300 [DEBUG] [org.gradle.process.internal.health.memory.DefaultMemoryManager] 1702463488 physical memory requested, 0 released, 852934656 free
2025-05-01T22:48:23.047-0300 [DEBUG] [org.gradle.cache.internal.DefaultFileLockManager] Waiting to acquire shared lock on daemon addresses registry.
2025-05-01T22:48:23.049-0300 [DEBUG] [org.gradle.cache.internal.DefaultFileLockManager] Lock acquired on daemon addresses registry.
2025-05-01T22:48:23.053-0300 [DEBUG] [org.gradle.cache.internal.DefaultFileLockManager] Releasing lock on daemon addresses registry.
2025-05-01T22:48:23.056-0300 [DEBUG] [org.gradle.cache.internal.DefaultFileLockManager] Waiting to acquire shared lock on daemon addresses registry.
2025-05-01T22:48:23.058-0300 [DEBUG] [org.gradle.cache.internal.DefaultFileLockManager] Lock acquired on daemon addresses registry.
2025-05-01T22:48:23.060-0300 [DEBUG] [org.gradle.cache.internal.DefaultFileLockManager] Releasing lock on daemon addresses registry.
2025-05-01T22:48:23.062-0300 [DEBUG] [org.gradle.cache.internal.DefaultFileLockManager] Waiting to acquire shared lock on daemon addresses registry.
2025-05-01T22:48:23.062-0300 [DEBUG] [org.gradle.cache.internal.DefaultFileLockManager] Lock acquired on daemon addresses registry.
2025-05-01T22:48:23.063-0300 [DEBUG] [org.gradle.cache.internal.DefaultFileLockManager] Releasing lock on daemon addresses registry.
2025-05-01T22:48:26.956-0300 [DEBUG] [org.gradle.process.internal.health.memory.DefaultMemoryManager] 1702463488 physical memory requested, 565764096 free
2025-05-01T22:48:26.957-0300 [DEBUG] [org.gradle.workers.internal.WorkerDaemonExpiration] Will attempt to release 1623 of memory
2025-05-01T22:48:26.957-0300 [DEBUG] [org.gradle.process.internal.health.memory.DefaultMemoryManager] 1702463488 physical memory requested, 0 released, 565764096 free
2025-05-01T22:48:31.941-0300 [DEBUG] [org.gradle.process.internal.health.memory.DefaultMemoryManager] 1702463488 physical memory requested, 655175680 free
2025-05-01T22:48:31.942-0300 [DEBUG] [org.gradle.workers.internal.WorkerDaemonExpiration] Will attempt to release 1623 of memory
2025-05-01T22:48:31.942-0300 [DEBUG] [org.gradle.process.internal.health.memory.DefaultMemoryManager] 1702463488 physical memory requested, 0 released, 655175680 free
2025-05-01T22:48:33.009-0300 [DEBUG] [org.gradle.cache.internal.DefaultFileLockManager] Waiting to acquire shared lock on daemon addresses registry.
2025-05-01T22:48:33.009-0300 [DEBUG] [org.gradle.cache.internal.DefaultFileLockManager] Lock acquired on daemon addresses registry.
2025-05-01T22:48:33.010-0300 [DEBUG] [org.gradle.cache.internal.DefaultFileLockManager] Releasing lock on daemon addresses registry.
2025-05-01T22:48:33.017-0300 [DEBUG] [org.gradle.cache.internal.DefaultFileLockManager] Waiting to acquire shared lock on daemon addresses registry.
2025-05-01T22:48:33.018-0300 [DEBUG] [org.gradle.cache.internal.DefaultFileLockManager] Lock acquired on daemon addresses registry.
2025-05-01T22:48:33.018-0300 [DEBUG] [org.gradle.cache.internal.DefaultFileLockManager] Releasing lock on daemon addresses registry.
2025-05-01T22:48:33.031-0300 [INFO] [org.gradle.launcher.daemon.server.health.LowMemoryDaemonExpirationStrategy] after free system physical memory (624.8 MiB) fell below threshold of 811.7 MiB
2025-05-01T22:48:33.051-0300 [DEBUG] [org.gradle.cache.internal.DefaultFileLockManager] Waiting to acquire shared lock on daemon addresses registry.
2025-05-01T22:48:33.051-0300 [DEBUG] [org.gradle.cache.internal.DefaultFileLockManager] Lock acquired on daemon addresses registry.
2025-05-01T22:48:33.052-0300 [DEBUG] [org.gradle.cache.internal.DefaultFileLockManager] Releasing lock on daemon addresses registry.
2025-05-01T22:48:33.074-0300 [DEBUG] [org.gradle.launcher.daemon.server.DaemonRegistryUpdater] Storing daemon stop event: after being idle for 2 minutes and not recently used and to reclaim system physical memory
2025-05-01T22:48:33.081-0300 [DEBUG] [org.gradle.launcher.daemon.registry.PersistentDaemonRegistry] Storing daemon stop event with timestamp 1746150513075
2025-05-01T22:48:33.156-0300 [DEBUG] [org.gradle.cache.internal.DefaultFileLockManager] Waiting to acquire exclusive lock on daemon addresses registry.
2025-05-01T22:48:33.159-0300 [DEBUG] [org.gradle.cache.internal.DefaultFileLockManager] Lock acquired on daemon addresses registry.
2025-05-01T22:48:33.165-0300 [DEBUG] [org.gradle.cache.internal.DefaultFileLockManager] Releasing lock on daemon addresses registry.
2025-05-01T22:48:33.166-0300 [LIFECYCLE] [org.gradle.launcher.daemon.server.DaemonStateCoordinator] Daemon will be stopped at the end of the build after being idle for 2 minutes and not recently used and to reclaim system physical memory
2025-05-01T22:48:33.167-0300 [DEBUG] [org.gradle.launcher.daemon.server.DaemonStateCoordinator] Marking daemon stopped due to after being idle for 2 minutes and not recently used and to reclaim system physical memory. The daemon is not running a build
2025-05-01T22:48:33.169-0300 [DEBUG] [org.gradle.launcher.daemon.server.DaemonStateCoordinator] daemon has stopped.
2025-05-01T22:48:33.215-0300 [DEBUG] [org.gradle.launcher.daemon.server.Daemon] stop() called on daemon
2025-05-01T22:48:33.216-0300 [INFO] [org.gradle.launcher.daemon.server.Daemon] Stop requested. Daemon is removing its presence from the registry...
2025-05-01T22:48:33.221-0300 [DEBUG] [org.gradle.launcher.daemon.server.DaemonRegistryUpdater] Removing our presence to clients, eg. removing this address from the registry: [33fcc9e6-c280-4907-93fc-b61653ee5c07 port:53858, addresses:[localhost/127.0.0.1]]
2025-05-01T22:48:33.223-0300 [DEBUG] [org.gradle.launcher.daemon.registry.PersistentDaemonRegistry] Removing daemon address: [33fcc9e6-c280-4907-93fc-b61653ee5c07 port:53858, addresses:[localhost/127.0.0.1]]
2025-05-01T22:48:33.234-0300 [DEBUG] [org.gradle.cache.internal.DefaultFileLockManager] Waiting to acquire exclusive lock on daemon addresses registry.
2025-05-01T22:48:33.235-0300 [DEBUG] [org.gradle.cache.internal.DefaultFileLockManager] Lock acquired on daemon addresses registry.
2025-05-01T22:48:33.247-0300 [DEBUG] [org.gradle.cache.internal.DefaultFileLockManager] Releasing lock on daemon addresses registry.
2025-05-01T22:48:33.249-0300 [DEBUG] [org.gradle.launcher.daemon.server.DaemonRegistryUpdater] Address removed from registry.
2025-05-01T22:48:33.435-0300 [DEBUG] [org.gradle.cache.internal.LockOnDemandCrossProcessCacheAccess] Releasing file lock for jars (C:\SeminarioIntegrador-FastAccessApp\caches\jars-9)
2025-05-01T22:48:33.435-0300 [DEBUG] [org.gradle.cache.internal.DefaultFileLockManager] Releasing lock on jars (C:\SeminarioIntegrador-FastAccessApp\caches\jars-9).
2025-05-01T22:48:33.445-0300 [DEBUG] [org.gradle.cache.internal.DefaultCacheCleanupExecutor] jars (C:\SeminarioIntegrador-FastAccessApp\caches\jars-9) has last been fully cleaned up 0 hours ago
2025-05-01T22:48:33.465-0300 [DEBUG] [org.gradle.cache.internal.DefaultCacheCleanupExecutor] Skipping cleanup for jars (C:\SeminarioIntegrador-FastAccessApp\caches\jars-9) as it is not yet due
2025-05-01T22:48:33.470-0300 [DEBUG] [org.gradle.internal.watch.vfs.impl.WatchingVirtualFileSystem] Closing VFS, dropping state
2025-05-01T22:48:33.499-0300 [DEBUG] [org.gradle.internal.watch.registry.impl.DefaultFileWatcherRegistry] Finished listening to file system change events
2025-05-01T22:48:33.500-0300 [DEBUG] [org.gradle.cache.internal.DefaultCacheCleanupExecutor] artifact cache (C:\SeminarioIntegrador-FastAccessApp\caches\modules-2) has last been fully cleaned up 0 hours ago
2025-05-01T22:48:33.501-0300 [DEBUG] [org.gradle.cache.internal.DefaultCacheCleanupExecutor] Skipping cleanup for artifact cache (C:\SeminarioIntegrador-FastAccessApp\caches\modules-2) as it is not yet due
2025-05-01T22:48:33.502-0300 [DEBUG] [org.gradle.cache.internal.DefaultCacheCleanupExecutor] groovy-dsl (C:\SeminarioIntegrador-FastAccessApp\caches\8.9\groovy-dsl) has last been fully cleaned up 0 hours ago
2025-05-01T22:48:33.503-0300 [DEBUG] [org.gradle.cache.internal.DefaultCacheCleanupExecutor] Skipping cleanup for groovy-dsl (C:\SeminarioIntegrador-FastAccessApp\caches\8.9\groovy-dsl) as it is not yet due
2025-05-01T22:48:33.503-0300 [DEBUG] [org.gradle.cache.internal.DefaultCacheCoordinator] Cache groovy-dsl (C:\SeminarioIntegrador-FastAccessApp\caches\8.9\groovy-dsl) was closed 0 times.
2025-05-01T22:48:33.506-0300 [DEBUG] [org.gradle.cache.internal.DefaultCacheCleanupExecutor] Artifact transforms cache (C:\SeminarioIntegrador-FastAccessApp\caches\8.9\transforms) has last been fully cleaned up 0 hours ago
2025-05-01T22:48:33.507-0300 [DEBUG] [org.gradle.cache.internal.DefaultCacheCleanupExecutor] Skipping cleanup for Artifact transforms cache (C:\SeminarioIntegrador-FastAccessApp\caches\8.9\transforms) as it is not yet due
2025-05-01T22:48:33.507-0300 [DEBUG] [org.gradle.cache.internal.DefaultCacheCoordinator] Cache Artifact transforms cache (C:\SeminarioIntegrador-FastAccessApp\caches\8.9\transforms) was closed 0 times.
2025-05-01T22:48:33.508-0300 [DEBUG] [org.gradle.cache.internal.DefaultCacheCleanupExecutor] kotlin-dsl (C:\SeminarioIntegrador-FastAccessApp\caches\8.9\kotlin-dsl) has last been fully cleaned up 0 hours ago
2025-05-01T22:48:33.508-0300 [DEBUG] [org.gradle.cache.internal.DefaultCacheCleanupExecutor] Skipping cleanup for kotlin-dsl (C:\SeminarioIntegrador-FastAccessApp\caches\8.9\kotlin-dsl) as it is not yet due
2025-05-01T22:48:33.508-0300 [DEBUG] [org.gradle.cache.internal.DefaultCacheCoordinator] Cache kotlin-dsl (C:\SeminarioIntegrador-FastAccessApp\caches\8.9\kotlin-dsl) was closed 0 times.
2025-05-01T22:48:33.535-0300 [DEBUG] [org.gradle.internal.operations.DefaultBuildOperationRunner] Build operation 'Deleting unused version-specific caches in C:\SeminarioIntegrador-FastAccessApp\caches' started
2025-05-01T22:48:33.544-0300 [DEBUG] [org.gradle.internal.operations.DefaultBuildOperationRunner] Completing Build operation 'Deleting unused version-specific caches in C:\SeminarioIntegrador-FastAccessApp\caches'
2025-05-01T22:48:33.544-0300 [DEBUG] [org.gradle.internal.operations.DefaultBuildOperationRunner] Build operation 'Deleting unused version-specific caches in C:\SeminarioIntegrador-FastAccessApp\caches' completed
2025-05-01T22:48:33.555-0300 [DEBUG] [org.gradle.launcher.daemon.server.Daemon] stop() called on daemon
2025-05-01T22:48:33.556-0300 [INFO] [org.gradle.launcher.daemon.server.Daemon] Stop requested. Daemon is removing its presence from the registry...
2025-05-01T22:48:33.556-0300 [DEBUG] [org.gradle.launcher.daemon.server.DaemonRegistryUpdater] Removing our presence to clients, eg. removing this address from the registry: [33fcc9e6-c280-4907-93fc-b61653ee5c07 port:53858, addresses:[localhost/127.0.0.1]]
2025-05-01T22:48:33.556-0300 [DEBUG] [org.gradle.launcher.daemon.registry.PersistentDaemonRegistry] Removing daemon address: [33fcc9e6-c280-4907-93fc-b61653ee5c07 port:53858, addresses:[localhost/127.0.0.1]]
2025-05-01T22:48:33.558-0300 [DEBUG] [org.gradle.cache.internal.DefaultFileLockManager] Waiting to acquire exclusive lock on daemon addresses registry.
2025-05-01T22:48:33.559-0300 [DEBUG] [org.gradle.cache.internal.DefaultFileLockManager] Lock acquired on daemon addresses registry.
2025-05-01T22:48:33.565-0300 [DEBUG] [org.gradle.cache.internal.DefaultFileLockManager] Releasing lock on daemon addresses registry.
2025-05-01T22:48:33.566-0300 [DEBUG] [org.gradle.launcher.daemon.server.DaemonRegistryUpdater] Address removed from registry.
2025-05-01T22:48:33.588-0300 [DEBUG] [org.gradle.cache.internal.locklistener.DefaultFileLockContentionHandler] File lock listener thread completed.
2025-05-01T22:48:33.604-0300 [DEBUG] [org.gradle.launcher.daemon.registry.PersistentDaemonRegistry] Removing daemon address: [33fcc9e6-c280-4907-93fc-b61653ee5c07 port:53858, addresses:[localhost/127.0.0.1]]
Daemon vm is shutting down... The daemon has exited normally or was terminated in response to a user interrupt.
2025-05-01T22:48:33.607-0300 [DEBUG] [org.gradle.launcher.daemon.server.Daemon] VM shutdown hook was unable to remove the daemon address from the registry. It will be cleaned up later.
java.lang.IllegalStateException: Cannot start managing file contention because this handler has been closed.
	at org.gradle.cache.internal.locklistener.DefaultFileLockContentionHandler.assertNotStopped(DefaultFileLockContentionHandler.java:217)
	at org.gradle.cache.internal.locklistener.DefaultFileLockContentionHandler.getCommunicator(DefaultFileLockContentionHandler.java:260)
	at org.gradle.cache.internal.locklistener.DefaultFileLockContentionHandler.reservePort(DefaultFileLockContentionHandler.java:254)
	at org.gradle.cache.internal.DefaultFileLockManager.lock(DefaultFileLockManager.java:124)
	at org.gradle.cache.internal.DefaultFileLockManager.lock(DefaultFileLockManager.java:106)
	at org.gradle.cache.internal.DefaultFileLockManager.lock(DefaultFileLockManager.java:101)
	at org.gradle.cache.internal.OnDemandFileAccess.updateFile(OnDemandFileAccess.java:51)
	at org.gradle.cache.internal.FileBackedObjectHolder.update(FileBackedObjectHolder.java:77)
	at org.gradle.cache.internal.FileIntegrityViolationSuppressingObjectHolderDecorator.lambda$update$0(FileIntegrityViolationSuppressingObjectHolderDecorator.java:48)
	at org.gradle.cache.internal.FileIntegrityViolationSuppressingObjectHolderDecorator.doUpdate(FileIntegrityViolationSuppressingObjectHolderDecorator.java:58)
	at org.gradle.cache.internal.FileIntegrityViolationSuppressingObjectHolderDecorator.update(FileIntegrityViolationSuppressingObjectHolderDecorator.java:48)
	at org.gradle.launcher.daemon.registry.PersistentDaemonRegistry.remove(PersistentDaemonRegistry.java:133)
	at org.gradle.launcher.daemon.server.Daemon$1.run(Daemon.java:133)
	at java.base/java.lang.Thread.run(Thread.java:1623)
